# JRE version: Java(TM) SE Runtime Environment (17.0.13+10) (build 17.0.13+10-LTS-268)
# Java VM: Java HotSpot(TM) 64-Bit Server VM (17.0.13+10-LTS-268, mixed mode, sharing, tiered, compressed oops, compressed class ptrs, g1 gc, windows-amd64)
GC Precious Log:
 CPUs: 8 total, 8 available
 Memory: 8001M
 Large Page Support: Disabled
 NUMA Support: Disabled
 Compressed Oops: Enabled (32-bit)
 Heap Region Size: 1M
 Heap Min Capacity: 256M
 Heap Initial Capacity: 256M
 Heap Max Capacity: 512M
 Pre-touch: Disabled
 Parallel Workers: 8
 Concurrent Workers: 2
 Concurrent Refinement Workers: 8
 Periodic GC: Disabled
Heap:
 garbage-first heap   total 262144K, used 174738K [0x00000000e0000000, 0x0000000100000000)
  region size 1024K, 141 young (144384K), 20 survivors (20480K)
 Metaspace       used 56128K, committed 56768K, reserved 393216K
  class space    used 7754K, committed 8064K, reserved 327680K
GC Heap History (14 events):
Event: 9.340 GC heap before
{Heap before GC invocations=0 (full 0):
 garbage-first heap   total 262144K, used 26624K [0x00000000e0000000, 0x0000000100000000)
  region size 1024K, 23 young (23552K), 0 survivors (0K)
 Metaspace       used 1994K, committed 2176K, reserved 393216K
  class space    used 207K, committed 320K, reserved 327680K
}
Event: 9.477 GC heap after
{Heap after GC invocations=1 (full 0):
 garbage-first heap   total 262144K, used 10626K [0x00000000e0000000, 0x0000000100000000)
  region size 1024K, 3 young (3072K), 3 survivors (3072K)
 Metaspace       used 1994K, committed 2176K, reserved 393216K
  class space    used 207K, committed 320K, reserved 327680K
}
Event: 18.341 GC heap before
{Heap before GC invocations=1 (full 0):
 garbage-first heap   total 262144K, used 37250K [0x00000000e0000000, 0x0000000100000000)
  region size 1024K, 29 young (29696K), 3 survivors (3072K)
 Metaspace       used 4082K, committed 4288K, reserved 393216K
  class space    used 508K, committed 640K, reserved 327680K
}
Event: 18.346 GC heap after
{Heap after GC invocations=2 (full 0):
 garbage-first heap   total 262144K, used 12059K [0x00000000e0000000, 0x0000000100000000)
  region size 1024K, 2 young (2048K), 2 survivors (2048K)
 Metaspace       used 4082K, committed 4288K, reserved 393216K
  class space    used 508K, committed 640K, reserved 327680K
}
Event: 33.681 GC heap before
{Heap before GC invocations=2 (full 0):
 garbage-first heap   total 262144K, used 131867K [0x00000000e0000000, 0x0000000100000000)
  region size 1024K, 117 young (119808K), 2 survivors (2048K)
 Metaspace       used 19492K, committed 19776K, reserved 393216K
  class space    used 2841K, committed 3008K, reserved 327680K
}
Event: 33.704 GC heap after
{Heap after GC invocations=3 (full 0):
 garbage-first heap   total 262144K, used 23101K [0x00000000e0000000, 0x0000000100000000)
  region size 1024K, 11 young (11264K), 11 survivors (11264K)
 Metaspace       used 19492K, committed 19776K, reserved 393216K
  class space    used 2841K, committed 3008K, reserved 327680K
}
Event: 34.567 GC heap before
{Heap before GC invocations=3 (full 0):
 garbage-first heap   total 262144K, used 36413K [0x00000000e0000000, 0x0000000100000000)
  region size 1024K, 25 young (25600K), 11 survivors (11264K)
 Metaspace       used 21184K, committed 21504K, reserved 393216K
  class space    used 3119K, committed 3328K, reserved 327680K
}
Event: 34.581 GC heap after
{Heap after GC invocations=4 (full 0):
 garbage-first heap   total 262144K, used 24395K [0x00000000e0000000, 0x0000000100000000)
  region size 1024K, 12 young (12288K), 12 survivors (12288K)
 Metaspace       used 21184K, committed 21504K, reserved 393216K
  class space    used 3119K, committed 3328K, reserved 327680K
}
Event: 42.292 GC heap before
{Heap before GC invocations=5 (full 0):
 garbage-first heap   total 262144K, used 143179K [0x00000000e0000000, 0x0000000100000000)
  region size 1024K, 125 young (128000K), 12 survivors (12288K)
 Metaspace       used 35580K, committed 35968K, reserved 393216K
  class space    used 4956K, committed 5184K, reserved 327680K
}
Event: 42.319 GC heap after
{Heap after GC invocations=6 (full 0):
 garbage-first heap   total 262144K, used 32553K [0x00000000e0000000, 0x0000000100000000)
  region size 1024K, 10 young (10240K), 10 survivors (10240K)
 Metaspace       used 35580K, committed 35968K, reserved 393216K
  class space    used 4956K, committed 5184K, reserved 327680K
}
Event: 58.255 GC heap before
{Heap before GC invocations=7 (full 0):
 garbage-first heap   total 262144K, used 180009K [0x00000000e0000000, 0x0000000100000000)
  region size 1024K, 153 young (156672K), 10 survivors (10240K)
 Metaspace       used 47523K, committed 48000K, reserved 393216K
  class space    used 6702K, committed 6912K, reserved 327680K
}
Event: 58.294 GC heap after
{Heap after GC invocations=8 (full 0):
 garbage-first heap   total 262144K, used 40705K [0x00000000e0000000, 0x0000000100000000)
  region size 1024K, 18 young (18432K), 18 survivors (18432K)
 Metaspace       used 47523K, committed 48000K, reserved 393216K
  class space    used 6702K, committed 6912K, reserved 327680K
}
Event: 87.639 GC heap before
{Heap before GC invocations=8 (full 0):
 garbage-first heap   total 262144K, used 177921K [0x00000000e0000000, 0x0000000100000000)
  region size 1024K, 153 young (156672K), 18 survivors (18432K)
 Metaspace       used 54831K, committed 55488K, reserved 393216K
  class space    used 7699K, committed 8000K, reserved 327680K
}
Event: 87.714 GC heap after
{Heap after GC invocations=9 (full 0):
 garbage-first heap   total 262144K, used 51858K [0x00000000e0000000, 0x0000000100000000)
  region size 1024K, 20 young (20480K), 20 survivors (20480K)
 Metaspace       used 54831K, committed 55488K, reserved 393216K
  class space    used 7699K, committed 8000K, reserved 327680K
}

