# JRE version: Java(TM) SE Runtime Environment (17.0.13+10) (build 17.0.13+10-LTS-268)
# Java VM: Java HotSpot(TM) 64-Bit Server VM (17.0.13+10-LTS-268, mixed mode, sharing, tiered, compressed oops, compressed class ptrs, g1 gc, windows-amd64)
GC Precious Log:
 CPUs: 8 total, 8 available
 Memory: 8001M
 Large Page Support: Disabled
 NUMA Support: Disabled
 Compressed Oops: Enabled (32-bit)
 Heap Region Size: 1M
 Heap Min Capacity: 256M
 Heap Initial Capacity: 256M
 Heap Max Capacity: 512M
 Pre-touch: Disabled
 Parallel Workers: 8
 Concurrent Workers: 2
 Concurrent Refinement Workers: 8
 Periodic GC: Disabled
Heap:
 garbage-first heap   total 262144K, used 72355K [0x00000000e0000000, 0x0000000100000000)
  region size 1024K, 39 young (39936K), 20 survivors (20480K)
 Metaspace       used 55311K, committed 56000K, reserved 393216K
  class space    used 7729K, committed 8064K, reserved 327680K
GC Heap History (18 events):
Event: 5.686 GC heap before
{Heap before GC invocations=0 (full 0):
 garbage-first heap   total 262144K, used 26624K [0x00000000e0000000, 0x0000000100000000)
  region size 1024K, 23 young (23552K), 0 survivors (0K)
 Metaspace       used 1996K, committed 2176K, reserved 393216K
  class space    used 207K, committed 320K, reserved 327680K
}
Event: 5.712 GC heap after
{Heap after GC invocations=1 (full 0):
 garbage-first heap   total 262144K, used 10500K [0x00000000e0000000, 0x0000000100000000)
  region size 1024K, 3 young (3072K), 3 survivors (3072K)
 Metaspace       used 1996K, committed 2176K, reserved 393216K
  class space    used 207K, committed 320K, reserved 327680K
}
Event: 13.057 GC heap before
{Heap before GC invocations=1 (full 0):
 garbage-first heap   total 262144K, used 37124K [0x00000000e0000000, 0x0000000100000000)
  region size 1024K, 29 young (29696K), 3 survivors (3072K)
 Metaspace       used 4082K, committed 4288K, reserved 393216K
  class space    used 507K, committed 640K, reserved 327680K
}
Event: 13.063 GC heap after
{Heap after GC invocations=2 (full 0):
 garbage-first heap   total 262144K, used 12076K [0x00000000e0000000, 0x0000000100000000)
  region size 1024K, 2 young (2048K), 2 survivors (2048K)
 Metaspace       used 4082K, committed 4288K, reserved 393216K
  class space    used 507K, committed 640K, reserved 327680K
}
Event: 25.433 GC heap before
{Heap before GC invocations=2 (full 0):
 garbage-first heap   total 262144K, used 130860K [0x00000000e0000000, 0x0000000100000000)
  region size 1024K, 116 young (118784K), 2 survivors (2048K)
 Metaspace       used 19265K, committed 19584K, reserved 393216K
  class space    used 2801K, committed 2944K, reserved 327680K
}
Event: 25.452 GC heap after
{Heap after GC invocations=3 (full 0):
 garbage-first heap   total 262144K, used 22947K [0x00000000e0000000, 0x0000000100000000)
  region size 1024K, 11 young (11264K), 11 survivors (11264K)
 Metaspace       used 19265K, committed 19584K, reserved 393216K
  class space    used 2801K, committed 2944K, reserved 327680K
}
Event: 26.974 GC heap before
{Heap before GC invocations=3 (full 0):
 garbage-first heap   total 262144K, used 38307K [0x00000000e0000000, 0x0000000100000000)
  region size 1024K, 27 young (27648K), 11 survivors (11264K)
 Metaspace       used 21196K, committed 21504K, reserved 393216K
  class space    used 3118K, committed 3264K, reserved 327680K
}
Event: 26.986 GC heap after
{Heap after GC invocations=4 (full 0):
 garbage-first heap   total 262144K, used 24232K [0x00000000e0000000, 0x0000000100000000)
  region size 1024K, 11 young (11264K), 11 survivors (11264K)
 Metaspace       used 21196K, committed 21504K, reserved 393216K
  class space    used 3118K, committed 3264K, reserved 327680K
}
Event: 35.708 GC heap before
{Heap before GC invocations=5 (full 0):
 garbage-first heap   total 262144K, used 145064K [0x00000000e0000000, 0x0000000100000000)
  region size 1024K, 126 young (129024K), 11 survivors (11264K)
 Metaspace       used 35733K, committed 36096K, reserved 393216K
  class space    used 4977K, committed 5184K, reserved 327680K
}
Event: 35.734 GC heap after
{Heap after GC invocations=6 (full 0):
 garbage-first heap   total 262144K, used 32627K [0x00000000e0000000, 0x0000000100000000)
  region size 1024K, 10 young (10240K), 10 survivors (10240K)
 Metaspace       used 35733K, committed 36096K, reserved 393216K
  class space    used 4977K, committed 5184K, reserved 327680K
}
Event: 35.866 GC heap before
{Heap before GC invocations=6 (full 0):
 garbage-first heap   total 262144K, used 33651K [0x00000000e0000000, 0x0000000100000000)
  region size 1024K, 12 young (12288K), 10 survivors (10240K)
 Metaspace       used 35969K, committed 36416K, reserved 393216K
  class space    used 5008K, committed 5184K, reserved 327680K
}
Event: 35.878 GC heap after
{Heap after GC invocations=7 (full 0):
 garbage-first heap   total 262144K, used 33127K [0x00000000e0000000, 0x0000000100000000)
  region size 1024K, 2 young (2048K), 2 survivors (2048K)
 Metaspace       used 35969K, committed 36416K, reserved 393216K
  class space    used 5008K, committed 5184K, reserved 327680K
}
Event: 36.008 GC heap before
{Heap before GC invocations=7 (full 0):
 garbage-first heap   total 262144K, used 34151K [0x00000000e0000000, 0x0000000100000000)
  region size 1024K, 4 young (4096K), 2 survivors (2048K)
 Metaspace       used 36044K, committed 36416K, reserved 393216K
  class space    used 5017K, committed 5184K, reserved 327680K
}
Event: 36.010 GC heap after
{Heap after GC invocations=8 (full 0):
 garbage-first heap   total 262144K, used 31845K [0x00000000e0000000, 0x0000000100000000)
  region size 1024K, 1 young (1024K), 1 survivors (1024K)
 Metaspace       used 36044K, committed 36416K, reserved 393216K
  class space    used 5017K, committed 5184K, reserved 327680K
}
Event: 56.279 GC heap before
{Heap before GC invocations=9 (full 0):
 garbage-first heap   total 262144K, used 189541K [0x00000000e0000000, 0x0000000100000000)
  region size 1024K, 153 young (156672K), 1 survivors (1024K)
 Metaspace       used 48388K, committed 48832K, reserved 393216K
  class space    used 6850K, committed 7040K, reserved 327680K
}
Event: 56.294 GC heap after
{Heap after GC invocations=10 (full 0):
 garbage-first heap   total 262144K, used 40617K [0x00000000e0000000, 0x0000000100000000)
  region size 1024K, 9 young (9216K), 9 survivors (9216K)
 Metaspace       used 48388K, committed 48832K, reserved 393216K
  class space    used 6850K, committed 7040K, reserved 327680K
}
Event: 96.275 GC heap before
{Heap before GC invocations=10 (full 0):
 garbage-first heap   total 262144K, used 187049K [0x00000000e0000000, 0x0000000100000000)
  region size 1024K, 153 young (156672K), 9 survivors (9216K)
 Metaspace       used 54967K, committed 55680K, reserved 393216K
  class space    used 7699K, committed 8064K, reserved 327680K
}
Event: 96.341 GC heap after
{Heap after GC invocations=11 (full 0):
 garbage-first heap   total 262144K, used 53923K [0x00000000e0000000, 0x0000000100000000)
  region size 1024K, 20 young (20480K), 20 survivors (20480K)
 Metaspace       used 54967K, committed 55680K, reserved 393216K
  class space    used 7699K, committed 8064K, reserved 327680K
}

